<?xml version="1.0" encoding="UTF-8"?>
<testsuite xmlns:xsi="http://www.w3.org/2001/XMLSchema-instance" xsi:noNamespaceSchemaLocation="https://maven.apache.org/surefire/maven-surefire-plugin/xsd/surefire-test-report-3.0.xsd" version="3.0" name="com.yourname.lambda.AppTest" time="0.082" tests="1" errors="0" skipped="0" failures="0">
  <properties>
    <property name="java.specification.version" value="23"/>
    <property name="sun.jnu.encoding" value="UTF-8"/>
    <property name="java.class.path" value="/Users/chulchong/cs/hometender/ChultenderBackend/cocktail-backend/target/test-classes:/Users/chulchong/cs/hometender/ChultenderBackend/cocktail-backend/target/classes:/Users/chulchong/.m2/repository/junit/junit/3.8.1/junit-3.8.1.jar:/Users/chulchong/.m2/repository/org/slf4j/slf4j-simple/2.0.16/slf4j-simple-2.0.16.jar:/Users/chulchong/.m2/repository/org/slf4j/slf4j-api/2.0.16/slf4j-api-2.0.16.jar:/Users/chulchong/.m2/repository/com/amazonaws/aws-lambda-java-core/1.2.1/aws-lambda-java-core-1.2.1.jar:/Users/chulchong/.m2/repository/software/amazon/awssdk/s3/2.28.29/s3-2.28.29.jar:/Users/chulchong/.m2/repository/software/amazon/awssdk/aws-xml-protocol/2.28.29/aws-xml-protocol-2.28.29.jar:/Users/chulchong/.m2/repository/software/amazon/awssdk/aws-query-protocol/2.28.29/aws-query-protocol-2.28.29.jar:/Users/chulchong/.m2/repository/software/amazon/awssdk/protocol-core/2.28.29/protocol-core-2.28.29.jar:/Users/chulchong/.m2/repository/software/amazon/awssdk/arns/2.28.29/arns-2.28.29.jar:/Users/chulchong/.m2/repository/software/amazon/awssdk/profiles/2.28.29/profiles-2.28.29.jar:/Users/chulchong/.m2/repository/software/amazon/awssdk/crt-core/2.28.29/crt-core-2.28.29.jar:/Users/chulchong/.m2/repository/software/amazon/awssdk/http-auth/2.28.29/http-auth-2.28.29.jar:/Users/chulchong/.m2/repository/software/amazon/awssdk/identity-spi/2.28.29/identity-spi-2.28.29.jar:/Users/chulchong/.m2/repository/software/amazon/awssdk/http-auth-spi/2.28.29/http-auth-spi-2.28.29.jar:/Users/chulchong/.m2/repository/org/reactivestreams/reactive-streams/1.0.4/reactive-streams-1.0.4.jar:/Users/chulchong/.m2/repository/software/amazon/awssdk/http-auth-aws/2.28.29/http-auth-aws-2.28.29.jar:/Users/chulchong/.m2/repository/software/amazon/awssdk/checksums/2.28.29/checksums-2.28.29.jar:/Users/chulchong/.m2/repository/software/amazon/awssdk/checksums-spi/2.28.29/checksums-spi-2.28.29.jar:/Users/chulchong/.m2/repository/software/amazon/awssdk/retries-spi/2.28.29/retries-spi-2.28.29.jar:/Users/chulchong/.m2/repository/software/amazon/awssdk/sdk-core/2.28.29/sdk-core-2.28.29.jar:/Users/chulchong/.m2/repository/software/amazon/awssdk/retries/2.28.29/retries-2.28.29.jar:/Users/chulchong/.m2/repository/software/amazon/awssdk/auth/2.28.29/auth-2.28.29.jar:/Users/chulchong/.m2/repository/software/amazon/awssdk/http-auth-aws-eventstream/2.28.29/http-auth-aws-eventstream-2.28.29.jar:/Users/chulchong/.m2/repository/software/amazon/eventstream/eventstream/1.0.1/eventstream-1.0.1.jar:/Users/chulchong/.m2/repository/software/amazon/awssdk/http-client-spi/2.28.29/http-client-spi-2.28.29.jar:/Users/chulchong/.m2/repository/software/amazon/awssdk/regions/2.28.29/regions-2.28.29.jar:/Users/chulchong/.m2/repository/software/amazon/awssdk/annotations/2.28.29/annotations-2.28.29.jar:/Users/chulchong/.m2/repository/software/amazon/awssdk/utils/2.28.29/utils-2.28.29.jar:/Users/chulchong/.m2/repository/software/amazon/awssdk/aws-core/2.28.29/aws-core-2.28.29.jar:/Users/chulchong/.m2/repository/software/amazon/awssdk/metrics-spi/2.28.29/metrics-spi-2.28.29.jar:/Users/chulchong/.m2/repository/software/amazon/awssdk/json-utils/2.28.29/json-utils-2.28.29.jar:/Users/chulchong/.m2/repository/software/amazon/awssdk/third-party-jackson-core/2.28.29/third-party-jackson-core-2.28.29.jar:/Users/chulchong/.m2/repository/software/amazon/awssdk/endpoints-spi/2.28.29/endpoints-spi-2.28.29.jar:/Users/chulchong/.m2/repository/software/amazon/awssdk/apache-client/2.28.29/apache-client-2.28.29.jar:/Users/chulchong/.m2/repository/org/apache/httpcomponents/httpclient/4.5.13/httpclient-4.5.13.jar:/Users/chulchong/.m2/repository/commons-logging/commons-logging/1.2/commons-logging-1.2.jar:/Users/chulchong/.m2/repository/org/apache/httpcomponents/httpcore/4.4.16/httpcore-4.4.16.jar:/Users/chulchong/.m2/repository/commons-codec/commons-codec/1.17.1/commons-codec-1.17.1.jar:/Users/chulchong/.m2/repository/software/amazon/awssdk/netty-nio-client/2.28.29/netty-nio-client-2.28.29.jar:/Users/chulchong/.m2/repository/io/netty/netty-codec-http/4.1.114.Final/netty-codec-http-4.1.114.Final.jar:/Users/chulchong/.m2/repository/io/netty/netty-codec-http2/4.1.114.Final/netty-codec-http2-4.1.114.Final.jar:/Users/chulchong/.m2/repository/io/netty/netty-codec/4.1.114.Final/netty-codec-4.1.114.Final.jar:/Users/chulchong/.m2/repository/io/netty/netty-transport/4.1.114.Final/netty-transport-4.1.114.Final.jar:/Users/chulchong/.m2/repository/io/netty/netty-common/4.1.114.Final/netty-common-4.1.114.Final.jar:/Users/chulchong/.m2/repository/io/netty/netty-buffer/4.1.114.Final/netty-buffer-4.1.114.Final.jar:/Users/chulchong/.m2/repository/io/netty/netty-handler/4.1.114.Final/netty-handler-4.1.114.Final.jar:/Users/chulchong/.m2/repository/io/netty/netty-transport-native-unix-common/4.1.114.Final/netty-transport-native-unix-common-4.1.114.Final.jar:/Users/chulchong/.m2/repository/io/netty/netty-transport-classes-epoll/4.1.114.Final/netty-transport-classes-epoll-4.1.114.Final.jar:/Users/chulchong/.m2/repository/io/netty/netty-resolver/4.1.114.Final/netty-resolver-4.1.114.Final.jar:/Users/chulchong/.m2/repository/com/amazonaws/aws-lambda-java-events/3.11.0/aws-lambda-java-events-3.11.0.jar:/Users/chulchong/.m2/repository/joda-time/joda-time/2.6/joda-time-2.6.jar:/Users/chulchong/.m2/repository/org/xerial/sqlite-jdbc/3.36.0.3/sqlite-jdbc-3.36.0.3.jar:/Users/chulchong/.m2/repository/org/json/json/20210307/json-20210307.jar:"/>
    <property name="java.vm.vendor" value="Homebrew"/>
    <property name="sun.arch.data.model" value="64"/>
    <property name="java.vendor.url" value="https://github.com/Homebrew/homebrew-core/issues"/>
    <property name="os.name" value="Mac OS X"/>
    <property name="java.vm.specification.version" value="23"/>
    <property name="sun.java.launcher" value="SUN_STANDARD"/>
    <property name="user.country" value="US"/>
    <property name="sun.boot.library.path" value="/usr/local/Cellar/openjdk/23.0.2/libexec/openjdk.jdk/Contents/Home/lib"/>
    <property name="sun.java.command" value="/Users/chulchong/cs/hometender/ChultenderBackend/cocktail-backend/target/surefire/surefirebooter-20250218165528292_3.jar /Users/chulchong/cs/hometender/ChultenderBackend/cocktail-backend/target/surefire 2025-02-18T16-55-28_147-jvmRun1 surefire-20250218165528292_1tmp surefire_0-20250218165528292_2tmp"/>
    <property name="http.nonProxyHosts" value="local|*.local|169.254/16|*.169.254/16"/>
    <property name="jdk.debug" value="release"/>
    <property name="surefire.test.class.path" value="/Users/chulchong/cs/hometender/ChultenderBackend/cocktail-backend/target/test-classes:/Users/chulchong/cs/hometender/ChultenderBackend/cocktail-backend/target/classes:/Users/chulchong/.m2/repository/junit/junit/3.8.1/junit-3.8.1.jar:/Users/chulchong/.m2/repository/org/slf4j/slf4j-simple/2.0.16/slf4j-simple-2.0.16.jar:/Users/chulchong/.m2/repository/org/slf4j/slf4j-api/2.0.16/slf4j-api-2.0.16.jar:/Users/chulchong/.m2/repository/com/amazonaws/aws-lambda-java-core/1.2.1/aws-lambda-java-core-1.2.1.jar:/Users/chulchong/.m2/repository/software/amazon/awssdk/s3/2.28.29/s3-2.28.29.jar:/Users/chulchong/.m2/repository/software/amazon/awssdk/aws-xml-protocol/2.28.29/aws-xml-protocol-2.28.29.jar:/Users/chulchong/.m2/repository/software/amazon/awssdk/aws-query-protocol/2.28.29/aws-query-protocol-2.28.29.jar:/Users/chulchong/.m2/repository/software/amazon/awssdk/protocol-core/2.28.29/protocol-core-2.28.29.jar:/Users/chulchong/.m2/repository/software/amazon/awssdk/arns/2.28.29/arns-2.28.29.jar:/Users/chulchong/.m2/repository/software/amazon/awssdk/profiles/2.28.29/profiles-2.28.29.jar:/Users/chulchong/.m2/repository/software/amazon/awssdk/crt-core/2.28.29/crt-core-2.28.29.jar:/Users/chulchong/.m2/repository/software/amazon/awssdk/http-auth/2.28.29/http-auth-2.28.29.jar:/Users/chulchong/.m2/repository/software/amazon/awssdk/identity-spi/2.28.29/identity-spi-2.28.29.jar:/Users/chulchong/.m2/repository/software/amazon/awssdk/http-auth-spi/2.28.29/http-auth-spi-2.28.29.jar:/Users/chulchong/.m2/repository/org/reactivestreams/reactive-streams/1.0.4/reactive-streams-1.0.4.jar:/Users/chulchong/.m2/repository/software/amazon/awssdk/http-auth-aws/2.28.29/http-auth-aws-2.28.29.jar:/Users/chulchong/.m2/repository/software/amazon/awssdk/checksums/2.28.29/checksums-2.28.29.jar:/Users/chulchong/.m2/repository/software/amazon/awssdk/checksums-spi/2.28.29/checksums-spi-2.28.29.jar:/Users/chulchong/.m2/repository/software/amazon/awssdk/retries-spi/2.28.29/retries-spi-2.28.29.jar:/Users/chulchong/.m2/repository/software/amazon/awssdk/sdk-core/2.28.29/sdk-core-2.28.29.jar:/Users/chulchong/.m2/repository/software/amazon/awssdk/retries/2.28.29/retries-2.28.29.jar:/Users/chulchong/.m2/repository/software/amazon/awssdk/auth/2.28.29/auth-2.28.29.jar:/Users/chulchong/.m2/repository/software/amazon/awssdk/http-auth-aws-eventstream/2.28.29/http-auth-aws-eventstream-2.28.29.jar:/Users/chulchong/.m2/repository/software/amazon/eventstream/eventstream/1.0.1/eventstream-1.0.1.jar:/Users/chulchong/.m2/repository/software/amazon/awssdk/http-client-spi/2.28.29/http-client-spi-2.28.29.jar:/Users/chulchong/.m2/repository/software/amazon/awssdk/regions/2.28.29/regions-2.28.29.jar:/Users/chulchong/.m2/repository/software/amazon/awssdk/annotations/2.28.29/annotations-2.28.29.jar:/Users/chulchong/.m2/repository/software/amazon/awssdk/utils/2.28.29/utils-2.28.29.jar:/Users/chulchong/.m2/repository/software/amazon/awssdk/aws-core/2.28.29/aws-core-2.28.29.jar:/Users/chulchong/.m2/repository/software/amazon/awssdk/metrics-spi/2.28.29/metrics-spi-2.28.29.jar:/Users/chulchong/.m2/repository/software/amazon/awssdk/json-utils/2.28.29/json-utils-2.28.29.jar:/Users/chulchong/.m2/repository/software/amazon/awssdk/third-party-jackson-core/2.28.29/third-party-jackson-core-2.28.29.jar:/Users/chulchong/.m2/repository/software/amazon/awssdk/endpoints-spi/2.28.29/endpoints-spi-2.28.29.jar:/Users/chulchong/.m2/repository/software/amazon/awssdk/apache-client/2.28.29/apache-client-2.28.29.jar:/Users/chulchong/.m2/repository/org/apache/httpcomponents/httpclient/4.5.13/httpclient-4.5.13.jar:/Users/chulchong/.m2/repository/commons-logging/commons-logging/1.2/commons-logging-1.2.jar:/Users/chulchong/.m2/repository/org/apache/httpcomponents/httpcore/4.4.16/httpcore-4.4.16.jar:/Users/chulchong/.m2/repository/commons-codec/commons-codec/1.17.1/commons-codec-1.17.1.jar:/Users/chulchong/.m2/repository/software/amazon/awssdk/netty-nio-client/2.28.29/netty-nio-client-2.28.29.jar:/Users/chulchong/.m2/repository/io/netty/netty-codec-http/4.1.114.Final/netty-codec-http-4.1.114.Final.jar:/Users/chulchong/.m2/repository/io/netty/netty-codec-http2/4.1.114.Final/netty-codec-http2-4.1.114.Final.jar:/Users/chulchong/.m2/repository/io/netty/netty-codec/4.1.114.Final/netty-codec-4.1.114.Final.jar:/Users/chulchong/.m2/repository/io/netty/netty-transport/4.1.114.Final/netty-transport-4.1.114.Final.jar:/Users/chulchong/.m2/repository/io/netty/netty-common/4.1.114.Final/netty-common-4.1.114.Final.jar:/Users/chulchong/.m2/repository/io/netty/netty-buffer/4.1.114.Final/netty-buffer-4.1.114.Final.jar:/Users/chulchong/.m2/repository/io/netty/netty-handler/4.1.114.Final/netty-handler-4.1.114.Final.jar:/Users/chulchong/.m2/repository/io/netty/netty-transport-native-unix-common/4.1.114.Final/netty-transport-native-unix-common-4.1.114.Final.jar:/Users/chulchong/.m2/repository/io/netty/netty-transport-classes-epoll/4.1.114.Final/netty-transport-classes-epoll-4.1.114.Final.jar:/Users/chulchong/.m2/repository/io/netty/netty-resolver/4.1.114.Final/netty-resolver-4.1.114.Final.jar:/Users/chulchong/.m2/repository/com/amazonaws/aws-lambda-java-events/3.11.0/aws-lambda-java-events-3.11.0.jar:/Users/chulchong/.m2/repository/joda-time/joda-time/2.6/joda-time-2.6.jar:/Users/chulchong/.m2/repository/org/xerial/sqlite-jdbc/3.36.0.3/sqlite-jdbc-3.36.0.3.jar:/Users/chulchong/.m2/repository/org/json/json/20210307/json-20210307.jar:"/>
    <property name="sun.cpu.endian" value="little"/>
    <property name="user.home" value="/Users/chulchong"/>
    <property name="user.language" value="en"/>
    <property name="java.specification.vendor" value="Oracle Corporation"/>
    <property name="java.version.date" value="2025-01-21"/>
    <property name="java.home" value="/usr/local/Cellar/openjdk/23.0.2/libexec/openjdk.jdk/Contents/Home"/>
    <property name="file.separator" value="/"/>
    <property name="basedir" value="/Users/chulchong/cs/hometender/ChultenderBackend/cocktail-backend"/>
    <property name="java.vm.compressedOopsMode" value="Zero based"/>
    <property name="line.separator" value="&#10;"/>
    <property name="java.vm.specification.vendor" value="Oracle Corporation"/>
    <property name="java.specification.name" value="Java Platform API Specification"/>
    <property name="apple.awt.application.name" value="ForkedBooter"/>
    <property name="surefire.real.class.path" value="/Users/chulchong/cs/hometender/ChultenderBackend/cocktail-backend/target/surefire/surefirebooter-20250218165528292_3.jar"/>
    <property name="sun.management.compiler" value="HotSpot 64-Bit Tiered Compilers"/>
    <property name="ftp.nonProxyHosts" value="local|*.local|169.254/16|*.169.254/16"/>
    <property name="java.runtime.version" value="23.0.2"/>
    <property name="user.name" value="chulchong"/>
    <property name="stdout.encoding" value="UTF-8"/>
    <property name="path.separator" value=":"/>
    <property name="os.version" value="15.3"/>
    <property name="java.runtime.name" value="OpenJDK Runtime Environment"/>
    <property name="file.encoding" value="UTF-8"/>
    <property name="java.vm.name" value="OpenJDK 64-Bit Server VM"/>
    <property name="java.vendor.version" value="Homebrew"/>
    <property name="localRepository" value="/Users/chulchong/.m2/repository"/>
    <property name="java.vendor.url.bug" value="https://github.com/Homebrew/homebrew-core/issues"/>
    <property name="java.io.tmpdir" value="/var/folders/7w/_fmgr2lj10x14hm9gxjm_wy80000gn/T/"/>
    <property name="java.version" value="23.0.2"/>
    <property name="user.dir" value="/Users/chulchong/cs/hometender/ChultenderBackend/cocktail-backend"/>
    <property name="os.arch" value="x86_64"/>
    <property name="java.vm.specification.name" value="Java Virtual Machine Specification"/>
    <property name="native.encoding" value="UTF-8"/>
    <property name="java.library.path" value="/Users/chulchong/Library/Java/Extensions:/Library/Java/Extensions:/Network/Library/Java/Extensions:/System/Library/Java/Extensions:/usr/lib/java:."/>
    <property name="java.vm.info" value="mixed mode, sharing"/>
    <property name="stderr.encoding" value="UTF-8"/>
    <property name="java.vendor" value="Homebrew"/>
    <property name="java.vm.version" value="23.0.2"/>
    <property name="sun.io.unicode.encoding" value="UnicodeBig"/>
    <property name="socksNonProxyHosts" value="local|*.local|169.254/16|*.169.254/16"/>
    <property name="java.class.version" value="67.0"/>
  </properties>
  <testcase name="testApp" classname="com.yourname.lambda.AppTest" time="0.009"/>
</testsuite>